c:\dev\walnut\bin-int\debug-x64\walnut\cube.obj
c:\dev\walnut\bin-int\debug-x64\walnut\texture2d.obj
c:\dev\walnut\bin-int\debug-x64\walnut\indexbuffer.obj
c:\dev\walnut\bin-int\debug-x64\walnut\vertexbuffer.obj
c:\dev\walnut\bin-int\debug-x64\walnut\stb_image.obj
c:\dev\walnut\bin-int\debug-x64\walnut\orthographiccamera.obj
c:\dev\walnut\bin-int\debug-x64\walnut\vertexbufferlayout.obj
c:\dev\walnut\bin-int\debug-x64\walnut\vertexarray.obj
c:\dev\walnut\bin-int\debug-x64\walnut\renderer.obj
c:\dev\walnut\bin-int\debug-x64\walnut\shader.obj
c:\dev\walnut\bin-int\debug-x64\walnut\perspectivecamera.obj
c:\dev\walnut\bin-int\debug-x64\walnut\window.obj
c:\dev\walnut\bin-int\debug-x64\walnut\main.obj
c:\dev\walnut\bin-int\debug-x64\walnut\vc142.pdb
c:\dev\walnut\bin-int\debug-x64\walnut\vc142.idb
c:\dev\walnut\bin\debug-x64\walnut\walnut.exe
c:\dev\walnut\bin\debug-x64\walnut\walnut.ilk
c:\dev\walnut\bin\debug-x64\walnut\walnut.pdb
c:\dev\walnut\bin-int\debug-x64\walnut\walnut.tlog\cl.command.1.tlog
c:\dev\walnut\bin-int\debug-x64\walnut\walnut.tlog\cl.read.1.tlog
c:\dev\walnut\bin-int\debug-x64\walnut\walnut.tlog\cl.write.1.tlog
c:\dev\walnut\bin-int\debug-x64\walnut\walnut.tlog\link.command.1.tlog
c:\dev\walnut\bin-int\debug-x64\walnut\walnut.tlog\link.read.1.tlog
c:\dev\walnut\bin-int\debug-x64\walnut\walnut.tlog\link.write.1.tlog
