  main.cpp
C:\dev\SDL-OpenGL\vendor\glm-0.9.9.9\glm\detail\type_quat.hpp(48,1): warning C4201: nonstandard extension used: nameless struct/union
C:\dev\SDL-OpenGL\vendor\glm-0.9.9.9\glm\detail\type_quat.hpp(133): message : see reference to class template instantiation 'glm::qua<T,Q>' being compiled
C:\dev\SDL-OpenGL\SDL-OpenGL\src\main.cpp(46,14): warning C4100: 'userParam': unreferenced formal parameter
C:\dev\SDL-OpenGL\SDL-OpenGL\src\main.cpp(44,10): warning C4100: 'length': unreferenced formal parameter
C:\dev\SDL-OpenGL\SDL-OpenGL\src\main.cpp(42,9): warning C4100: 'id': unreferenced formal parameter
C:\dev\SDL-OpenGL\SDL-OpenGL\src\main.cpp(40,24): warning C4100: 'source': unreferenced formal parameter
C:\dev\SDL-OpenGL\SDL-OpenGL\src\main.cpp(266,18): warning C4244: 'initializing': conversion from 'double' to 'float', possible loss of data
C:\dev\SDL-OpenGL\SDL-OpenGL\src\main.cpp(51,26): warning C4100: 'argv': unreferenced formal parameter
C:\dev\SDL-OpenGL\SDL-OpenGL\src\main.cpp(51,14): warning C4100: 'argc': unreferenced formal parameter
C:\dev\SDL-OpenGL\SDL-OpenGL\src\main.cpp(351,45): warning C4100: 'window': unreferenced formal parameter
C:\dev\SDL-OpenGL\SDL-OpenGL\src\main.cpp(356,37): warning C4100: 'window': unreferenced formal parameter
C:\dev\SDL-OpenGL\SDL-OpenGL\src\main.cpp(361,39): warning C4100: 'window': unreferenced formal parameter
C:\dev\SDL-OpenGL\SDL-OpenGL\src\main.cpp(369,55): warning C4100: 'scancode': unreferenced formal parameter
C:\dev\SDL-OpenGL\SDL-OpenGL\src\main.cpp(417,12): warning C4100: 'nCmdShow': unreferenced formal parameter
C:\dev\SDL-OpenGL\SDL-OpenGL\src\main.cpp(416,14): warning C4100: 'lpCmdLine': unreferenced formal parameter
C:\dev\SDL-OpenGL\SDL-OpenGL\src\main.cpp(415,21): warning C4100: 'hPrevInst': unreferenced formal parameter
C:\dev\SDL-OpenGL\SDL-OpenGL\src\main.cpp(414,18): warning C4100: 'hInst': unreferenced formal parameter
  Generating code
  1 of 1655 functions (<0.1%) were compiled, the rest were copied from previous compilation.
    0 functions were new in current compilation
    20 functions had inline decision re-evaluated but remain unchanged
  Finished generating code
  SDL-OpenGL.vcxproj -> C:\dev\SDL-OpenGL\bin\Release-x64\SDL-OpenGL\SDL-OpenGL.exe
